<?xml version="1.0" encoding="UTF-8"?>
<!-- Generated by org.testng.reporters.JUnitXMLReporter -->
<testsuite ignored="0" hostname="LWO1-LDL-A11652" failures="1" tests="1" name="Surefire test" time="10.373" errors="0" timestamp="2023-05-19T12:59:33 EEST">
  <testcase classname="ImdbTests" name="movieSearchByTitle" time="3.99">
    <failure type="java.lang.AssertionError" message="expected [Marty McFly, a 17-year-old high school student, is accidentally sent 30 years into the past in a time-traveling DeLorean invented by his close friend, the maverick scientist Doc Brown.] but found [Marty McFly, a 17-year-old high school student, is accidentally sent 30 years into the past in a time-traveling DeLorean invented by his close friend, the eccentric scientist Doc Brown.]">
      <![CDATA[java.lang.AssertionError: expected [Marty McFly, a 17-year-old high school student, is accidentally sent 30 years into the past in a time-traveling DeLorean invented by his close friend, the maverick scientist Doc Brown.] but found [Marty McFly, a 17-year-old high school student, is accidentally sent 30 years into the past in a time-traveling DeLorean invented by his close friend, the eccentric scientist Doc Brown.]
at ImdbTests.movieSearchByTitle(ImdbTests.java:19)
at java.base/java.util.ArrayList.forEach(ArrayList.java:1541)
... Removed 38 stack frames]]>
    </failure>
  </testcase> <!-- movieSearchByTitle -->
</testsuite> <!-- Surefire test -->
